
SQL*Loader: Release 11.2.0.2.0 - Production on Thu Dec 10 11:01:57 2015

Copyright (c) 1982, 2009, Oracle and/or its affiliates.  All rights reserved.

Control File:   C:\Users\672749\Desktop\eclipse\workspace2\DB2\res\loader.ctl
Data File:      C:\Users\672749\Desktop\eclipse\workspace2\DB2\res\payroll.txt
  Bad File:     C:\Users\672749\Desktop\eclipse\workspace2\DB2\res\payroll.bad
  Discard File:  none specified
 
 (Allow all discards)

Number to load: ALL
Number to skip: 0
Errors allowed: 50
Bind array:     64 rows, maximum of 256000 bytes
Continuation:    none specified
Path used:      Conventional

Table PAYROLL_LOAD, loaded from every logical record.
Insert option in effect for this table: REPLACE
TRAILING NULLCOLS option in effect

   Column Name                  Position   Len  Term Encl Datatype
------------------------------ ---------- ----- ---- ---- ---------------------
PAYROLL_DATE                        FIRST     *   ;  O(") DATE Month dd, yyyy  
EMPLOYEE_ID                          NEXT     *   ;  O(") CHARACTER            
AMOUNT                               NEXT     *   ;  O(") CHARACTER            
STATUS                               NEXT     *   ;  O(") CHARACTER            


Table PAYROLL_LOAD:
  37 Rows successfully loaded.
  0 Rows not loaded due to data errors.
  0 Rows not loaded because all WHEN clauses were failed.
  0 Rows not loaded because all fields were null.


Space allocated for bind array:                  66048 bytes(64 rows)
Read   buffer bytes: 1048576

Total logical records skipped:          0
Total logical records read:            37
Total logical records rejected:         0
Total logical records discarded:        0

Run began on Thu Dec 10 11:01:57 2015
Run ended on Thu Dec 10 11:02:13 2015

Elapsed time was:     00:00:15.15
CPU time was:         00:00:00.02
